<?xml version="1.0" encoding="UTF-8"?>
<testng-results skipped="0" failed="0" ignored="0" total="1" passed="1">
  <reporter-output>
  </reporter-output>
  <suite name="Default suite" duration-ms="12369" started-at="2021-05-02T07:51:12Z" finished-at="2021-05-02T07:51:25Z">
    <groups>
    </groups>
    <test name="Default test" duration-ms="12369" started-at="2021-05-02T07:51:12Z" finished-at="2021-05-02T07:51:25Z">
      <class name="SeleniumTestDemo">
        <test-method status="PASS" signature="Setup()[pri:0, instance:SeleniumTestDemo@401e7803]" name="Setup" is-config="true" duration-ms="10013" started-at="2021-05-02T07:51:12Z" finished-at="2021-05-02T07:51:22Z">
          <reporter-output>
          </reporter-output>
        </test-method> <!-- Setup -->
        <test-method status="PASS" signature="VerifyTitle()[pri:0, instance:SeleniumTestDemo@401e7803]" name="VerifyTitle" duration-ms="21" started-at="2021-05-02T07:51:22Z" finished-at="2021-05-02T07:51:22Z">
          <reporter-output>
          </reporter-output>
        </test-method> <!-- VerifyTitle -->
        <test-method status="PASS" signature="Teardown()[pri:0, instance:SeleniumTestDemo@401e7803]" name="Teardown" is-config="true" duration-ms="2308" started-at="2021-05-02T07:51:22Z" finished-at="2021-05-02T07:51:25Z">
          <reporter-output>
          </reporter-output>
        </test-method> <!-- Teardown -->
      </class> <!-- SeleniumTestDemo -->
    </test> <!-- Default test -->
  </suite> <!-- Default suite -->
</testng-results>
